# JRE version: Java(TM) SE Runtime Environment (8.0_91-b14) (build 1.8.0_91-b14)
# Java VM: Java HotSpot(TM) 64-Bit Server VM (25.91-b14 mixed mode windows-amd64 compressed oops)
Heap:
 PSYoungGen      total 178176K, used 121375K [0x00000000eb500000, 0x00000000f6e80000, 0x0000000100000000)
  eden space 174592K, 67% used [0x00000000eb500000,0x00000000f283ce28,0x00000000f5f80000)
  from space 3584K, 94% used [0x00000000f5f80000,0x00000000f62cb010,0x00000000f6300000)
  to   space 4096K, 0% used [0x00000000f6a80000,0x00000000f6a80000,0x00000000f6e80000)
 ParOldGen       total 108032K, used 32992K [0x00000000c1e00000, 0x00000000c8780000, 0x00000000eb500000)
  object space 108032K, 30% used [0x00000000c1e00000,0x00000000c3e380c8,0x00000000c8780000)
 Metaspace       used 20387K, capacity 20640K, committed 20736K, reserved 1067008K
  class space    used 2418K, capacity 2496K, committed 2560K, reserved 1048576K
GC Heap History (10 events):
Event: 23.229 GC heap before
{Heap before GC invocations=146 (full 5):
 PSYoungGen      total 165888K, used 165600K [0x00000000eb500000, 0x00000000f5780000, 0x0000000100000000)
  eden space 165376K, 100% used [0x00000000eb500000,0x00000000f5680000,0x00000000f5680000)
  from space 512K, 43% used [0x00000000f5700000,0x00000000f5738000,0x00000000f5780000)
  to   space 512K, 0% used [0x00000000f5680000,0x00000000f5680000,0x00000000f5700000)
 ParOldGen       total 97280K, used 59850K [0x00000000c1e00000, 0x00000000c7d00000, 0x00000000eb500000)
  object space 97280K, 61% used [0x00000000c1e00000,0x00000000c5872aa8,0x00000000c7d00000)
 Metaspace       used 20341K, capacity 20576K, committed 20736K, reserved 1067008K
  class space    used 2413K, capacity 2496K, committed 2560K, reserved 1048576K
Event: 23.232 GC heap after
Heap after GC invocations=146 (full 5):
 PSYoungGen      total 165888K, used 192K [0x00000000eb500000, 0x00000000f5d00000, 0x0000000100000000)
  eden space 165376K, 0% used [0x00000000eb500000,0x00000000eb500000,0x00000000f5680000)
  from space 512K, 37% used [0x00000000f5680000,0x00000000f56b0000,0x00000000f5700000)
  to   space 512K, 0% used [0x00000000f5c80000,0x00000000f5c80000,0x00000000f5d00000)
 ParOldGen       total 97280K, used 67950K [0x00000000c1e00000, 0x00000000c7d00000, 0x00000000eb500000)
  object space 97280K, 69% used [0x00000000c1e00000,0x00000000c605bad8,0x00000000c7d00000)
 Metaspace       used 20341K, capacity 20576K, committed 20736K, reserved 1067008K
  class space    used 2413K, capacity 2496K, committed 2560K, reserved 1048576K
}
Event: 23.440 GC heap before
{Heap before GC invocations=147 (full 5):
 PSYoungGen      total 165888K, used 165568K [0x00000000eb500000, 0x00000000f5d00000, 0x0000000100000000)
  eden space 165376K, 100% used [0x00000000eb500000,0x00000000f5680000,0x00000000f5680000)
  from space 512K, 37% used [0x00000000f5680000,0x00000000f56b0000,0x00000000f5700000)
  to   space 512K, 0% used [0x00000000f5c80000,0x00000000f5c80000,0x00000000f5d00000)
 ParOldGen       total 97280K, used 67950K [0x00000000c1e00000, 0x00000000c7d00000, 0x00000000eb500000)
  object space 97280K, 69% used [0x00000000c1e00000,0x00000000c605bad8,0x00000000c7d00000)
 Metaspace       used 20341K, capacity 20576K, committed 20736K, reserved 1067008K
  class space    used 2413K, capacity 2496K, committed 2560K, reserved 1048576K
Event: 23.444 GC heap after
Heap after GC invocations=147 (full 5):
 PSYoungGen      total 171520K, used 224K [0x00000000eb500000, 0x00000000f5d80000, 0x0000000100000000)
  eden space 171008K, 0% used [0x00000000eb500000,0x00000000eb500000,0x00000000f5c00000)
  from space 512K, 43% used [0x00000000f5c80000,0x00000000f5cb8000,0x00000000f5d00000)
  to   space 512K, 0% used [0x00000000f5c00000,0x00000000f5c00000,0x00000000f5c80000)
 ParOldGen       total 97280K, used 76050K [0x00000000c1e00000, 0x00000000c7d00000, 0x00000000eb500000)
  object space 97280K, 78% used [0x00000000c1e00000,0x00000000c6844b08,0x00000000c7d00000)
 Metaspace       used 20341K, capacity 20576K, committed 20736K, reserved 1067008K
  class space    used 2413K, capacity 2496K, committed 2560K, reserved 1048576K
}
Event: 23.660 GC heap before
{Heap before GC invocations=148 (full 5):
 PSYoungGen      total 171520K, used 171232K [0x00000000eb500000, 0x00000000f5d80000, 0x0000000100000000)
  eden space 171008K, 100% used [0x00000000eb500000,0x00000000f5c00000,0x00000000f5c00000)
  from space 512K, 43% used [0x00000000f5c80000,0x00000000f5cb8000,0x00000000f5d00000)
  to   space 512K, 0% used [0x00000000f5c00000,0x00000000f5c00000,0x00000000f5c80000)
 ParOldGen       total 97280K, used 76050K [0x00000000c1e00000, 0x00000000c7d00000, 0x00000000eb500000)
  object space 97280K, 78% used [0x00000000c1e00000,0x00000000c6844b08,0x00000000c7d00000)
 Metaspace       used 20342K, capacity 20576K, committed 20736K, reserved 1067008K
  class space    used 2413K, capacity 2496K, committed 2560K, reserved 1048576K
Event: 23.664 GC heap after
Heap after GC invocations=148 (full 5):
 PSYoungGen      total 171520K, used 256K [0x00000000eb500000, 0x00000000f6380000, 0x0000000100000000)
  eden space 171008K, 0% used [0x00000000eb500000,0x00000000eb500000,0x00000000f5c00000)
  from space 512K, 50% used [0x00000000f5c00000,0x00000000f5c40000,0x00000000f5c80000)
  to   space 512K, 0% used [0x00000000f6300000,0x00000000f6300000,0x00000000f6380000)
 ParOldGen       total 97280K, used 84150K [0x00000000c1e00000, 0x00000000c7d00000, 0x00000000eb500000)
  object space 97280K, 86% used [0x00000000c1e00000,0x00000000c702db38,0x00000000c7d00000)
 Metaspace       used 20342K, capacity 20576K, committed 20736K, reserved 1067008K
  class space    used 2413K, capacity 2496K, committed 2560K, reserved 1048576K
}
Event: 23.664 GC heap before
{Heap before GC invocations=149 (full 6):
 PSYoungGen      total 171520K, used 256K [0x00000000eb500000, 0x00000000f6380000, 0x0000000100000000)
  eden space 171008K, 0% used [0x00000000eb500000,0x00000000eb500000,0x00000000f5c00000)
  from space 512K, 50% used [0x00000000f5c00000,0x00000000f5c40000,0x00000000f5c80000)
  to   space 512K, 0% used [0x00000000f6300000,0x00000000f6300000,0x00000000f6380000)
 ParOldGen       total 97280K, used 84150K [0x00000000c1e00000, 0x00000000c7d00000, 0x00000000eb500000)
  object space 97280K, 86% used [0x00000000c1e00000,0x00000000c702db38,0x00000000c7d00000)
 Metaspace       used 20342K, capacity 20576K, committed 20736K, reserved 1067008K
  class space    used 2413K, capacity 2496K, committed 2560K, reserved 1048576K
Event: 23.680 GC heap after
Heap after GC invocations=149 (full 6):
 PSYoungGen      total 171520K, used 0K [0x00000000eb500000, 0x00000000f6380000, 0x0000000100000000)
  eden space 171008K, 0% used [0x00000000eb500000,0x00000000eb500000,0x00000000f5c00000)
  from space 512K, 0% used [0x00000000f5c00000,0x00000000f5c00000,0x00000000f5c80000)
  to   space 512K, 0% used [0x00000000f6300000,0x00000000f6300000,0x00000000f6380000)
 ParOldGen       total 108032K, used 19340K [0x00000000c1e00000, 0x00000000c8780000, 0x00000000eb500000)
  object space 108032K, 17% used [0x00000000c1e00000,0x00000000c30e3078,0x00000000c8780000)
 Metaspace       used 20342K, capacity 20576K, committed 20736K, reserved 1067008K
  class space    used 2413K, capacity 2496K, committed 2560K, reserved 1048576K
}
Event: 23.901 GC heap before
{Heap before GC invocations=150 (full 6):
 PSYoungGen      total 171520K, used 171008K [0x00000000eb500000, 0x00000000f6380000, 0x0000000100000000)
  eden space 171008K, 100% used [0x00000000eb500000,0x00000000f5c00000,0x00000000f5c00000)
  from space 512K, 0% used [0x00000000f5c00000,0x00000000f5c00000,0x00000000f5c80000)
  to   space 512K, 0% used [0x00000000f6300000,0x00000000f6300000,0x00000000f6380000)
 ParOldGen       total 108032K, used 19340K [0x00000000c1e00000, 0x00000000c8780000, 0x00000000eb500000)
  object space 108032K, 17% used [0x00000000c1e00000,0x00000000c30e3078,0x00000000c8780000)
 Metaspace       used 20345K, capacity 20576K, committed 20736K, reserved 1067008K
  class space    used 2414K, capacity 2496K, committed 2560K, reserved 1048576K
Event: 23.905 GC heap after
Heap after GC invocations=150 (full 6):
 PSYoungGen      total 175104K, used 512K [0x00000000eb500000, 0x00000000f6b00000, 0x0000000100000000)
  eden space 174592K, 0% used [0x00000000eb500000,0x00000000eb500000,0x00000000f5f80000)
  from space 512K, 100% used [0x00000000f6300000,0x00000000f6380000,0x00000000f6380000)
  to   space 3584K, 0% used [0x00000000f5f80000,0x00000000f5f80000,0x00000000f6300000)
 ParOldGen       total 108032K, used 27592K [0x00000000c1e00000, 0x00000000c8780000, 0x00000000eb500000)
  object space 108032K, 25% used [0x00000000c1e00000,0x00000000c38f20a8,0x00000000c8780000)
 Metaspace       used 20345K, capacity 20576K, committed 20736K, reserved 1067008K
  class space    used 2414K, capacity 2496K, committed 2560K, reserved 1048576K
}

