# JRE version: Java(TM) SE Runtime Environment (8.0_91-b14) (build 1.8.0_91-b14)
# Java VM: Java HotSpot(TM) 64-Bit Server VM (25.91-b14 mixed mode windows-amd64 compressed oops)
Heap:
 PSYoungGen      total 322048K, used 315284K [0x00000000eb500000, 0x0000000100000000, 0x0000000100000000)
  eden space 313344K, 97% used [0x00000000eb500000,0x00000000fe09c0f8,0x00000000fe700000)
  from space 8704K, 97% used [0x00000000fe700000,0x00000000fef49030,0x00000000fef80000)
  to   space 13312K, 0% used [0x00000000ff300000,0x00000000ff300000,0x0000000100000000)
 ParOldGen       total 79872K, used 24849K [0x00000000c1e00000, 0x00000000c6c00000, 0x00000000eb500000)
  object space 79872K, 31% used [0x00000000c1e00000,0x00000000c36446c0,0x00000000c6c00000)
 Metaspace       used 20493K, capacity 20736K, committed 20992K, reserved 1067008K
  class space    used 2444K, capacity 2528K, committed 2560K, reserved 1048576K
GC Heap History (10 events):
Event: 12.410 GC heap before
{Heap before GC invocations=36 (full 3):
 PSYoungGen      total 328704K, used 322560K [0x00000000eb500000, 0x0000000100000000, 0x0000000100000000)
  eden space 322560K, 100% used [0x00000000eb500000,0x00000000ff000000,0x00000000ff000000)
  from space 6144K, 0% used [0x00000000ffa00000,0x00000000ffa00000,0x0000000100000000)
  to   space 8192K, 0% used [0x00000000ff000000,0x00000000ff000000,0x00000000ff800000)
 ParOldGen       total 79872K, used 22025K [0x00000000c1e00000, 0x00000000c6c00000, 0x00000000eb500000)
  object space 79872K, 27% used [0x00000000c1e00000,0x00000000c33825e8,0x00000000c6c00000)
 Metaspace       used 20311K, capacity 20512K, committed 20736K, reserved 1067008K
  class space    used 2413K, capacity 2496K, committed 2560K, reserved 1048576K
Event: 12.412 GC heap after
Heap after GC invocations=36 (full 3):
 PSYoungGen      total 328704K, used 5752K [0x00000000eb500000, 0x0000000100000000, 0x0000000100000000)
  eden space 322560K, 0% used [0x00000000eb500000,0x00000000eb500000,0x00000000ff000000)
  from space 6144K, 93% used [0x00000000ff000000,0x00000000ff59e020,0x00000000ff600000)
  to   space 8704K, 0% used [0x00000000ff780000,0x00000000ff780000,0x0000000100000000)
 ParOldGen       total 79872K, used 24725K [0x00000000c1e00000, 0x00000000c6c00000, 0x00000000eb500000)
  object space 79872K, 30% used [0x00000000c1e00000,0x00000000c36255f8,0x00000000c6c00000)
 Metaspace       used 20311K, capacity 20512K, committed 20736K, reserved 1067008K
  class space    used 2413K, capacity 2496K, committed 2560K, reserved 1048576K
}
Event: 12.868 GC heap before
{Heap before GC invocations=37 (full 3):
 PSYoungGen      total 328704K, used 328312K [0x00000000eb500000, 0x0000000100000000, 0x0000000100000000)
  eden space 322560K, 100% used [0x00000000eb500000,0x00000000ff000000,0x00000000ff000000)
  from space 6144K, 93% used [0x00000000ff000000,0x00000000ff59e020,0x00000000ff600000)
  to   space 8704K, 0% used [0x00000000ff780000,0x00000000ff780000,0x0000000100000000)
 ParOldGen       total 79872K, used 24725K [0x00000000c1e00000, 0x00000000c6c00000, 0x00000000eb500000)
  object space 79872K, 30% used [0x00000000c1e00000,0x00000000c36255f8,0x00000000c6c00000)
 Metaspace       used 20314K, capacity 20512K, committed 20736K, reserved 1067008K
  class space    used 2413K, capacity 2496K, committed 2560K, reserved 1048576K
Event: 12.871 GC heap after
Heap after GC invocations=37 (full 3):
 PSYoungGen      total 327168K, used 8484K [0x00000000eb500000, 0x0000000100000000, 0x0000000100000000)
  eden space 318464K, 0% used [0x00000000eb500000,0x00000000eb500000,0x00000000fec00000)
  from space 8704K, 97% used [0x00000000ff780000,0x00000000fffc9030,0x0000000100000000)
  to   space 10240K, 0% used [0x00000000fec00000,0x00000000fec00000,0x00000000ff600000)
 ParOldGen       total 79872K, used 24725K [0x00000000c1e00000, 0x00000000c6c00000, 0x00000000eb500000)
  object space 79872K, 30% used [0x00000000c1e00000,0x00000000c36255f8,0x00000000c6c00000)
 Metaspace       used 20314K, capacity 20512K, committed 20736K, reserved 1067008K
  class space    used 2413K, capacity 2496K, committed 2560K, reserved 1048576K
}
Event: 13.260 GC heap before
{Heap before GC invocations=38 (full 3):
 PSYoungGen      total 327168K, used 326948K [0x00000000eb500000, 0x0000000100000000, 0x0000000100000000)
  eden space 318464K, 100% used [0x00000000eb500000,0x00000000fec00000,0x00000000fec00000)
  from space 8704K, 97% used [0x00000000ff780000,0x00000000fffc9030,0x0000000100000000)
  to   space 10240K, 0% used [0x00000000fec00000,0x00000000fec00000,0x00000000ff600000)
 ParOldGen       total 79872K, used 24839K [0x00000000c1e00000, 0x00000000c6c00000, 0x00000000eb500000)
  object space 79872K, 31% used [0x00000000c1e00000,0x00000000c3641fa8,0x00000000c6c00000)
 Metaspace       used 20314K, capacity 20512K, committed 20736K, reserved 1067008K
  class space    used 2413K, capacity 2496K, committed 2560K, reserved 1048576K
Event: 13.262 GC heap after
Heap after GC invocations=38 (full 3):
 PSYoungGen      total 327168K, used 8452K [0x00000000eb500000, 0x0000000100000000, 0x0000000100000000)
  eden space 318464K, 0% used [0x00000000eb500000,0x00000000eb500000,0x00000000fec00000)
  from space 8704K, 97% used [0x00000000fec00000,0x00000000ff441030,0x00000000ff480000)
  to   space 11776K, 0% used [0x00000000ff480000,0x00000000ff480000,0x0000000100000000)
 ParOldGen       total 79872K, used 24839K [0x00000000c1e00000, 0x00000000c6c00000, 0x00000000eb500000)
  object space 79872K, 31% used [0x00000000c1e00000,0x00000000c3641fa8,0x00000000c6c00000)
 Metaspace       used 20314K, capacity 20512K, committed 20736K, reserved 1067008K
  class space    used 2413K, capacity 2496K, committed 2560K, reserved 1048576K
}
Event: 13.663 GC heap before
{Heap before GC invocations=39 (full 3):
 PSYoungGen      total 327168K, used 326916K [0x00000000eb500000, 0x0000000100000000, 0x0000000100000000)
  eden space 318464K, 100% used [0x00000000eb500000,0x00000000fec00000,0x00000000fec00000)
  from space 8704K, 97% used [0x00000000fec00000,0x00000000ff441030,0x00000000ff480000)
  to   space 11776K, 0% used [0x00000000ff480000,0x00000000ff480000,0x0000000100000000)
 ParOldGen       total 79872K, used 24841K [0x00000000c1e00000, 0x00000000c6c00000, 0x00000000eb500000)
  object space 79872K, 31% used [0x00000000c1e00000,0x00000000c36426c0,0x00000000c6c00000)
 Metaspace       used 20319K, capacity 20512K, committed 20736K, reserved 1067008K
  class space    used 2413K, capacity 2496K, committed 2560K, reserved 1048576K
Event: 13.666 GC heap after
Heap after GC invocations=39 (full 3):
 PSYoungGen      total 325120K, used 8452K [0x00000000eb500000, 0x0000000100000000, 0x0000000100000000)
  eden space 313344K, 0% used [0x00000000eb500000,0x00000000eb500000,0x00000000fe700000)
  from space 11776K, 71% used [0x00000000ff480000,0x00000000ffcc1030,0x0000000100000000)
  to   space 12800K, 0% used [0x00000000fe700000,0x00000000fe700000,0x00000000ff380000)
 ParOldGen       total 79872K, used 24849K [0x00000000c1e00000, 0x00000000c6c00000, 0x00000000eb500000)
  object space 79872K, 31% used [0x00000000c1e00000,0x00000000c36446c0,0x00000000c6c00000)
 Metaspace       used 20319K, capacity 20512K, committed 20736K, reserved 1067008K
  class space    used 2413K, capacity 2496K, committed 2560K, reserved 1048576K
}
Event: 14.053 GC heap before
{Heap before GC invocations=40 (full 3):
 PSYoungGen      total 325120K, used 321796K [0x00000000eb500000, 0x0000000100000000, 0x0000000100000000)
  eden space 313344K, 100% used [0x00000000eb500000,0x00000000fe700000,0x00000000fe700000)
  from space 11776K, 71% used [0x00000000ff480000,0x00000000ffcc1030,0x0000000100000000)
  to   space 12800K, 0% used [0x00000000fe700000,0x00000000fe700000,0x00000000ff380000)
 ParOldGen       total 79872K, used 24849K [0x00000000c1e00000, 0x00000000c6c00000, 0x00000000eb500000)
  object space 79872K, 31% used [0x00000000c1e00000,0x00000000c36446c0,0x00000000c6c00000)
 Metaspace       used 20321K, capacity 20512K, committed 20736K, reserved 1067008K
  class space    used 2413K, capacity 2496K, committed 2560K, reserved 1048576K
Event: 14.055 GC heap after
Heap after GC invocations=40 (full 3):
 PSYoungGen      total 322048K, used 8484K [0x00000000eb500000, 0x0000000100000000, 0x0000000100000000)
  eden space 313344K, 0% used [0x00000000eb500000,0x00000000eb500000,0x00000000fe700000)
  from space 8704K, 97% used [0x00000000fe700000,0x00000000fef49030,0x00000000fef80000)
  to   space 13312K, 0% used [0x00000000ff300000,0x00000000ff300000,0x0000000100000000)
 ParOldGen       total 79872K, used 24849K [0x00000000c1e00000, 0x00000000c6c00000, 0x00000000eb500000)
  object space 79872K, 31% used [0x00000000c1e00000,0x00000000c36446c0,0x00000000c6c00000)
 Metaspace       used 20321K, capacity 20512K, committed 20736K, reserved 1067008K
  class space    used 2413K, capacity 2496K, committed 2560K, reserved 1048576K
}

