# JRE version: Java(TM) SE Runtime Environment (8.0_91-b14) (build 1.8.0_91-b14)
# Java VM: Java HotSpot(TM) 64-Bit Server VM (25.91-b14 mixed mode windows-amd64 compressed oops)
Heap:
 PSYoungGen      total 315392K, used 144150K [0x00000000eb500000, 0x00000000fea80000, 0x0000000100000000)
  eden space 314880K, 45% used [0x00000000eb500000,0x00000000f41c5918,0x00000000fe880000)
  from space 512K, 0% used [0x00000000fea00000,0x00000000fea00000,0x00000000fea80000)
  to   space 1024K, 0% used [0x00000000fe880000,0x00000000fe880000,0x00000000fe980000)
 ParOldGen       total 83968K, used 19338K [0x00000000c1e00000, 0x00000000c7000000, 0x00000000eb500000)
  object space 83968K, 23% used [0x00000000c1e00000,0x00000000c30e2b10,0x00000000c7000000)
 Metaspace       used 20366K, capacity 20576K, committed 20736K, reserved 1067008K
  class space    used 2417K, capacity 2496K, committed 2560K, reserved 1048576K
GC Heap History (10 events):
Event: 13.758 GC heap before
{Heap before GC invocations=58 (full 3):
 PSYoungGen      total 273920K, used 273696K [0x00000000eb500000, 0x00000000fd800000, 0x0000000100000000)
  eden space 273408K, 100% used [0x00000000eb500000,0x00000000fc000000,0x00000000fc000000)
  from space 512K, 56% used [0x00000000fd780000,0x00000000fd7c8000,0x00000000fd800000)
  to   space 1536K, 0% used [0x00000000fd500000,0x00000000fd500000,0x00000000fd680000)
 ParOldGen       total 71680K, used 30235K [0x00000000c1e00000, 0x00000000c6400000, 0x00000000eb500000)
  object space 71680K, 42% used [0x00000000c1e00000,0x00000000c3b86d70,0x00000000c6400000)
 Metaspace       used 20299K, capacity 20512K, committed 20736K, reserved 1067008K
  class space    used 2413K, capacity 2496K, committed 2560K, reserved 1048576K
Event: 13.760 GC heap after
Heap after GC invocations=58 (full 3):
 PSYoungGen      total 295424K, used 352K [0x00000000eb500000, 0x00000000fd800000, 0x0000000100000000)
  eden space 293888K, 0% used [0x00000000eb500000,0x00000000eb500000,0x00000000fd400000)
  from space 1536K, 22% used [0x00000000fd500000,0x00000000fd558000,0x00000000fd680000)
  to   space 1536K, 0% used [0x00000000fd680000,0x00000000fd680000,0x00000000fd800000)
 ParOldGen       total 71680K, used 38335K [0x00000000c1e00000, 0x00000000c6400000, 0x00000000eb500000)
  object space 71680K, 53% used [0x00000000c1e00000,0x00000000c436fda0,0x00000000c6400000)
 Metaspace       used 20299K, capacity 20512K, committed 20736K, reserved 1067008K
  class space    used 2413K, capacity 2496K, committed 2560K, reserved 1048576K
}
Event: 14.123 GC heap before
{Heap before GC invocations=59 (full 3):
 PSYoungGen      total 295424K, used 294240K [0x00000000eb500000, 0x00000000fd800000, 0x0000000100000000)
  eden space 293888K, 100% used [0x00000000eb500000,0x00000000fd400000,0x00000000fd400000)
  from space 1536K, 22% used [0x00000000fd500000,0x00000000fd558000,0x00000000fd680000)
  to   space 1536K, 0% used [0x00000000fd680000,0x00000000fd680000,0x00000000fd800000)
 ParOldGen       total 71680K, used 38335K [0x00000000c1e00000, 0x00000000c6400000, 0x00000000eb500000)
  object space 71680K, 53% used [0x00000000c1e00000,0x00000000c436fda0,0x00000000c6400000)
 Metaspace       used 20311K, capacity 20512K, committed 20736K, reserved 1067008K
  class space    used 2413K, capacity 2496K, committed 2560K, reserved 1048576K
Event: 14.125 GC heap after
Heap after GC invocations=59 (full 3):
 PSYoungGen      total 296448K, used 416K [0x00000000eb500000, 0x00000000feb00000, 0x0000000100000000)
  eden space 294912K, 0% used [0x00000000eb500000,0x00000000eb500000,0x00000000fd500000)
  from space 1536K, 27% used [0x00000000fd680000,0x00000000fd6e8000,0x00000000fd800000)
  to   space 1536K, 0% used [0x00000000fd500000,0x00000000fd500000,0x00000000fd680000)
 ParOldGen       total 71680K, used 46435K [0x00000000c1e00000, 0x00000000c6400000, 0x00000000eb500000)
  object space 71680K, 64% used [0x00000000c1e00000,0x00000000c4b58dd0,0x00000000c6400000)
 Metaspace       used 20311K, capacity 20512K, committed 20736K, reserved 1067008K
  class space    used 2413K, capacity 2496K, committed 2560K, reserved 1048576K
}
Event: 14.499 GC heap before
{Heap before GC invocations=60 (full 3):
 PSYoungGen      total 296448K, used 295328K [0x00000000eb500000, 0x00000000feb00000, 0x0000000100000000)
  eden space 294912K, 100% used [0x00000000eb500000,0x00000000fd500000,0x00000000fd500000)
  from space 1536K, 27% used [0x00000000fd680000,0x00000000fd6e8000,0x00000000fd800000)
  to   space 1536K, 0% used [0x00000000fd500000,0x00000000fd500000,0x00000000fd680000)
 ParOldGen       total 71680K, used 46435K [0x00000000c1e00000, 0x00000000c6400000, 0x00000000eb500000)
  object space 71680K, 64% used [0x00000000c1e00000,0x00000000c4b58e00,0x00000000c6400000)
 Metaspace       used 20317K, capacity 20512K, committed 20736K, reserved 1067008K
  class space    used 2413K, capacity 2496K, committed 2560K, reserved 1048576K
Event: 14.503 GC heap after
Heap after GC invocations=60 (full 3):
 PSYoungGen      total 296448K, used 416K [0x00000000eb500000, 0x00000000feb00000, 0x0000000100000000)
  eden space 294912K, 0% used [0x00000000eb500000,0x00000000eb500000,0x00000000fd500000)
  from space 1536K, 27% used [0x00000000fd500000,0x00000000fd568000,0x00000000fd680000)
  to   space 1024K, 0% used [0x00000000fea00000,0x00000000fea00000,0x00000000feb00000)
 ParOldGen       total 71680K, used 54543K [0x00000000c1e00000, 0x00000000c6400000, 0x00000000eb500000)
  object space 71680K, 76% used [0x00000000c1e00000,0x00000000c5343e30,0x00000000c6400000)
 Metaspace       used 20317K, capacity 20512K, committed 20736K, reserved 1067008K
  class space    used 2413K, capacity 2496K, committed 2560K, reserved 1048576K
}
Event: 14.867 GC heap before
{Heap before GC invocations=61 (full 3):
 PSYoungGen      total 296448K, used 295328K [0x00000000eb500000, 0x00000000feb00000, 0x0000000100000000)
  eden space 294912K, 100% used [0x00000000eb500000,0x00000000fd500000,0x00000000fd500000)
  from space 1536K, 27% used [0x00000000fd500000,0x00000000fd568000,0x00000000fd680000)
  to   space 1024K, 0% used [0x00000000fea00000,0x00000000fea00000,0x00000000feb00000)
 ParOldGen       total 71680K, used 54546K [0x00000000c1e00000, 0x00000000c6400000, 0x00000000eb500000)
  object space 71680K, 76% used [0x00000000c1e00000,0x00000000c5344ac8,0x00000000c6400000)
 Metaspace       used 20318K, capacity 20512K, committed 20736K, reserved 1067008K
  class space    used 2413K, capacity 2496K, committed 2560K, reserved 1048576K
Event: 14.870 GC heap after
Heap after GC invocations=61 (full 3):
 PSYoungGen      total 315392K, used 416K [0x00000000eb500000, 0x00000000fea80000, 0x0000000100000000)
  eden space 314880K, 0% used [0x00000000eb500000,0x00000000eb500000,0x00000000fe880000)
  from space 512K, 81% used [0x00000000fea00000,0x00000000fea68000,0x00000000fea80000)
  to   space 1024K, 0% used [0x00000000fe880000,0x00000000fe880000,0x00000000fe980000)
 ParOldGen       total 71680K, used 62654K [0x00000000c1e00000, 0x00000000c6400000, 0x00000000eb500000)
  object space 71680K, 87% used [0x00000000c1e00000,0x00000000c5b2faf8,0x00000000c6400000)
 Metaspace       used 20318K, capacity 20512K, committed 20736K, reserved 1067008K
  class space    used 2413K, capacity 2496K, committed 2560K, reserved 1048576K
}
Event: 14.870 GC heap before
{Heap before GC invocations=62 (full 4):
 PSYoungGen      total 315392K, used 416K [0x00000000eb500000, 0x00000000fea80000, 0x0000000100000000)
  eden space 314880K, 0% used [0x00000000eb500000,0x00000000eb500000,0x00000000fe880000)
  from space 512K, 81% used [0x00000000fea00000,0x00000000fea68000,0x00000000fea80000)
  to   space 1024K, 0% used [0x00000000fe880000,0x00000000fe880000,0x00000000fe980000)
 ParOldGen       total 71680K, used 62654K [0x00000000c1e00000, 0x00000000c6400000, 0x00000000eb500000)
  object space 71680K, 87% used [0x00000000c1e00000,0x00000000c5b2faf8,0x00000000c6400000)
 Metaspace       used 20318K, capacity 20512K, committed 20736K, reserved 1067008K
  class space    used 2413K, capacity 2496K, committed 2560K, reserved 1048576K
Event: 14.886 GC heap after
Heap after GC invocations=62 (full 4):
 PSYoungGen      total 315392K, used 0K [0x00000000eb500000, 0x00000000fea80000, 0x0000000100000000)
  eden space 314880K, 0% used [0x00000000eb500000,0x00000000eb500000,0x00000000fe880000)
  from space 512K, 0% used [0x00000000fea00000,0x00000000fea00000,0x00000000fea80000)
  to   space 1024K, 0% used [0x00000000fe880000,0x00000000fe880000,0x00000000fe980000)
 ParOldGen       total 83968K, used 19338K [0x00000000c1e00000, 0x00000000c7000000, 0x00000000eb500000)
  object space 83968K, 23% used [0x00000000c1e00000,0x00000000c30e2b10,0x00000000c7000000)
 Metaspace       used 20318K, capacity 20512K, committed 20736K, reserved 1067008K
  class space    used 2413K, capacity 2496K, committed 2560K, reserved 1048576K
}

