# JRE version: Java(TM) SE Runtime Environment (8.0_91-b14) (build 1.8.0_91-b14)
# Java VM: Java HotSpot(TM) 64-Bit Server VM (25.91-b14 mixed mode windows-amd64 compressed oops)
Heap:
 PSYoungGen      total 310784K, used 155860K [0x00000000eb500000, 0x0000000100000000, 0x0000000100000000)
  eden space 292864K, 47% used [0x00000000eb500000,0x00000000f3bc2230,0x00000000fd300000)
  from space 17920K, 99% used [0x00000000fd300000,0x00000000fe472fb0,0x00000000fe480000)
  to   space 24064K, 0% used [0x00000000fe880000,0x00000000fe880000,0x0000000100000000)
 ParOldGen       total 73216K, used 38959K [0x00000000c1e00000, 0x00000000c6580000, 0x00000000eb500000)
  object space 73216K, 53% used [0x00000000c1e00000,0x00000000c440bd40,0x00000000c6580000)
 Metaspace       used 22664K, capacity 22894K, committed 23344K, reserved 1069056K
  class space    used 2766K, capacity 2863K, committed 2944K, reserved 1048576K
GC Heap History (10 events):
Event: 12.806 GC heap before
{Heap before GC invocations=34 (full 1):
 PSYoungGen      total 316416K, used 308908K [0x00000000eb500000, 0x0000000100000000, 0x0000000100000000)
  eden space 293888K, 100% used [0x00000000eb500000,0x00000000fd400000,0x00000000fd400000)
  from space 22528K, 66% used [0x00000000fea00000,0x00000000ff8ab110,0x0000000100000000)
  to   space 22528K, 0% used [0x00000000fd400000,0x00000000fd400000,0x00000000fea00000)
 ParOldGen       total 73216K, used 38354K [0x00000000c1e00000, 0x00000000c6580000, 0x00000000eb500000)
  object space 73216K, 52% used [0x00000000c1e00000,0x00000000c4374a30,0x00000000c6580000)
 Metaspace       used 22007K, capacity 22190K, committed 22448K, reserved 1069056K
  class space    used 2665K, capacity 2735K, committed 2816K, reserved 1048576K
Event: 12.809 GC heap after
Heap after GC invocations=34 (full 1):
 PSYoungGen      total 316416K, used 15065K [0x00000000eb500000, 0x0000000100000000, 0x0000000100000000)
  eden space 293888K, 0% used [0x00000000eb500000,0x00000000eb500000,0x00000000fd400000)
  from space 22528K, 66% used [0x00000000fd400000,0x00000000fe2b6718,0x00000000fea00000)
  to   space 22528K, 0% used [0x00000000fea00000,0x00000000fea00000,0x0000000100000000)
 ParOldGen       total 73216K, used 38386K [0x00000000c1e00000, 0x00000000c6580000, 0x00000000eb500000)
  object space 73216K, 52% used [0x00000000c1e00000,0x00000000c437ca30,0x00000000c6580000)
 Metaspace       used 22007K, capacity 22190K, committed 22448K, reserved 1069056K
  class space    used 2665K, capacity 2735K, committed 2816K, reserved 1048576K
}
Event: 13.194 GC heap before
{Heap before GC invocations=35 (full 1):
 PSYoungGen      total 316416K, used 308953K [0x00000000eb500000, 0x0000000100000000, 0x0000000100000000)
  eden space 293888K, 100% used [0x00000000eb500000,0x00000000fd400000,0x00000000fd400000)
  from space 22528K, 66% used [0x00000000fd400000,0x00000000fe2b6718,0x00000000fea00000)
  to   space 22528K, 0% used [0x00000000fea00000,0x00000000fea00000,0x0000000100000000)
 ParOldGen       total 73216K, used 38386K [0x00000000c1e00000, 0x00000000c6580000, 0x00000000eb500000)
  object space 73216K, 52% used [0x00000000c1e00000,0x00000000c437ca30,0x00000000c6580000)
 Metaspace       used 22014K, capacity 22190K, committed 22448K, reserved 1069056K
  class space    used 2666K, capacity 2735K, committed 2816K, reserved 1048576K
Event: 13.198 GC heap after
Heap after GC invocations=35 (full 1):
 PSYoungGen      total 316416K, used 15004K [0x00000000eb500000, 0x0000000100000000, 0x0000000100000000)
  eden space 293888K, 0% used [0x00000000eb500000,0x00000000eb500000,0x00000000fd400000)
  from space 22528K, 66% used [0x00000000fea00000,0x00000000ff8a7100,0x0000000100000000)
  to   space 22528K, 0% used [0x00000000fd400000,0x00000000fd400000,0x00000000fea00000)
 ParOldGen       total 73216K, used 38434K [0x00000000c1e00000, 0x00000000c6580000, 0x00000000eb500000)
  object space 73216K, 52% used [0x00000000c1e00000,0x00000000c4388a30,0x00000000c6580000)
 Metaspace       used 22014K, capacity 22190K, committed 22448K, reserved 1069056K
  class space    used 2666K, capacity 2735K, committed 2816K, reserved 1048576K
}
Event: 13.637 GC heap before
{Heap before GC invocations=36 (full 1):
 PSYoungGen      total 316416K, used 308892K [0x00000000eb500000, 0x0000000100000000, 0x0000000100000000)
  eden space 293888K, 100% used [0x00000000eb500000,0x00000000fd400000,0x00000000fd400000)
  from space 22528K, 66% used [0x00000000fea00000,0x00000000ff8a7100,0x0000000100000000)
  to   space 22528K, 0% used [0x00000000fd400000,0x00000000fd400000,0x00000000fea00000)
 ParOldGen       total 73216K, used 38434K [0x00000000c1e00000, 0x00000000c6580000, 0x00000000eb500000)
  object space 73216K, 52% used [0x00000000c1e00000,0x00000000c4388a30,0x00000000c6580000)
 Metaspace       used 22604K, capacity 22830K, committed 23088K, reserved 1069056K
  class space    used 2761K, capacity 2863K, committed 2944K, reserved 1048576K
Event: 13.641 GC heap after
Heap after GC invocations=36 (full 1):
 PSYoungGen      total 311296K, used 17114K [0x00000000eb500000, 0x0000000100000000, 0x0000000100000000)
  eden space 293888K, 0% used [0x00000000eb500000,0x00000000eb500000,0x00000000fd400000)
  from space 17408K, 98% used [0x00000000fd400000,0x00000000fe4b69e0,0x00000000fe500000)
  to   space 23040K, 0% used [0x00000000fe980000,0x00000000fe980000,0x0000000100000000)
 ParOldGen       total 73216K, used 38450K [0x00000000c1e00000, 0x00000000c6580000, 0x00000000eb500000)
  object space 73216K, 52% used [0x00000000c1e00000,0x00000000c438ca30,0x00000000c6580000)
 Metaspace       used 22604K, capacity 22830K, committed 23088K, reserved 1069056K
  class space    used 2761K, capacity 2863K, committed 2944K, reserved 1048576K
}
Event: 14.163 GC heap before
{Heap before GC invocations=37 (full 1):
 PSYoungGen      total 311296K, used 311002K [0x00000000eb500000, 0x0000000100000000, 0x0000000100000000)
  eden space 293888K, 100% used [0x00000000eb500000,0x00000000fd400000,0x00000000fd400000)
  from space 17408K, 98% used [0x00000000fd400000,0x00000000fe4b69e0,0x00000000fe500000)
  to   space 23040K, 0% used [0x00000000fe980000,0x00000000fe980000,0x0000000100000000)
 ParOldGen       total 73216K, used 38450K [0x00000000c1e00000, 0x00000000c6580000, 0x00000000eb500000)
  object space 73216K, 52% used [0x00000000c1e00000,0x00000000c438ca30,0x00000000c6580000)
 Metaspace       used 22612K, capacity 22894K, committed 23344K, reserved 1069056K
  class space    used 2761K, capacity 2863K, committed 2944K, reserved 1048576K
Event: 14.168 GC heap after
Heap after GC invocations=37 (full 1):
 PSYoungGen      total 315904K, used 16794K [0x00000000eb500000, 0x0000000100000000, 0x0000000100000000)
  eden space 292864K, 0% used [0x00000000eb500000,0x00000000eb500000,0x00000000fd300000)
  from space 23040K, 72% used [0x00000000fe980000,0x00000000ff9e69e0,0x0000000100000000)
  to   space 23040K, 0% used [0x00000000fd300000,0x00000000fd300000,0x00000000fe980000)
 ParOldGen       total 73216K, used 38490K [0x00000000c1e00000, 0x00000000c6580000, 0x00000000eb500000)
  object space 73216K, 52% used [0x00000000c1e00000,0x00000000c4396a30,0x00000000c6580000)
 Metaspace       used 22612K, capacity 22894K, committed 23344K, reserved 1069056K
  class space    used 2761K, capacity 2863K, committed 2944K, reserved 1048576K
}
Event: 14.520 GC heap before
{Heap before GC invocations=38 (full 1):
 PSYoungGen      total 315904K, used 309658K [0x00000000eb500000, 0x0000000100000000, 0x0000000100000000)
  eden space 292864K, 100% used [0x00000000eb500000,0x00000000fd300000,0x00000000fd300000)
  from space 23040K, 72% used [0x00000000fe980000,0x00000000ff9e69e0,0x0000000100000000)
  to   space 23040K, 0% used [0x00000000fd300000,0x00000000fd300000,0x00000000fe980000)
 ParOldGen       total 73216K, used 38490K [0x00000000c1e00000, 0x00000000c6580000, 0x00000000eb500000)
  object space 73216K, 52% used [0x00000000c1e00000,0x00000000c4396a30,0x00000000c6580000)
 Metaspace       used 22612K, capacity 22894K, committed 23344K, reserved 1069056K
  class space    used 2761K, capacity 2863K, committed 2944K, reserved 1048576K
Event: 14.524 GC heap after
Heap after GC invocations=38 (full 1):
 PSYoungGen      total 310784K, used 17867K [0x00000000eb500000, 0x0000000100000000, 0x0000000100000000)
  eden space 292864K, 0% used [0x00000000eb500000,0x00000000eb500000,0x00000000fd300000)
  from space 17920K, 99% used [0x00000000fd300000,0x00000000fe472fb0,0x00000000fe480000)
  to   space 24064K, 0% used [0x00000000fe880000,0x00000000fe880000,0x0000000100000000)
 ParOldGen       total 73216K, used 38959K [0x00000000c1e00000, 0x00000000c6580000, 0x00000000eb500000)
  object space 73216K, 53% used [0x00000000c1e00000,0x00000000c440bd40,0x00000000c6580000)
 Metaspace       used 22612K, capacity 22894K, committed 23344K, reserved 1069056K
  class space    used 2761K, capacity 2863K, committed 2944K, reserved 1048576K
}

