# JRE version: Java(TM) SE Runtime Environment (8.0_91-b14) (build 1.8.0_91-b14)
# Java VM: Java HotSpot(TM) 64-Bit Server VM (25.91-b14 mixed mode windows-amd64 compressed oops)
Heap:
 PSYoungGen      total 309760K, used 119137K [0x00000000eb500000, 0x0000000100000000, 0x0000000100000000)
  eden space 292864K, 34% used [0x00000000eb500000,0x00000000f18e5d28,0x00000000fd300000)
  from space 16896K, 99% used [0x00000000fd300000,0x00000000fe3729d0,0x00000000fe380000)
  to   space 23552K, 0% used [0x00000000fe900000,0x00000000fe900000,0x0000000100000000)
 ParOldGen       total 72704K, used 39243K [0x00000000c1e00000, 0x00000000c6500000, 0x00000000eb500000)
  object space 72704K, 53% used [0x00000000c1e00000,0x00000000c4452c58,0x00000000c6500000)
 Metaspace       used 22681K, capacity 22894K, committed 23344K, reserved 1069056K
  class space    used 2766K, capacity 2863K, committed 2944K, reserved 1048576K
GC Heap History (10 events):
Event: 12.629 GC heap before
{Heap before GC invocations=32 (full 1):
 PSYoungGen      total 316416K, used 308970K [0x00000000eb500000, 0x0000000100000000, 0x0000000100000000)
  eden space 293888K, 100% used [0x00000000eb500000,0x00000000fd400000,0x00000000fd400000)
  from space 22528K, 66% used [0x00000000fea00000,0x00000000ff8ba950,0x0000000100000000)
  to   space 22528K, 0% used [0x00000000fd400000,0x00000000fd400000,0x00000000fea00000)
 ParOldGen       total 72704K, used 39099K [0x00000000c1e00000, 0x00000000c6500000, 0x00000000eb500000)
  object space 72704K, 53% used [0x00000000c1e00000,0x00000000c442ec58,0x00000000c6500000)
 Metaspace       used 22034K, capacity 22254K, committed 22704K, reserved 1069056K
  class space    used 2666K, capacity 2735K, committed 2816K, reserved 1048576K
Event: 12.633 GC heap after
Heap after GC invocations=32 (full 1):
 PSYoungGen      total 316416K, used 15097K [0x00000000eb500000, 0x0000000100000000, 0x0000000100000000)
  eden space 293888K, 0% used [0x00000000eb500000,0x00000000eb500000,0x00000000fd400000)
  from space 22528K, 67% used [0x00000000fd400000,0x00000000fe2be718,0x00000000fea00000)
  to   space 22528K, 0% used [0x00000000fea00000,0x00000000fea00000,0x0000000100000000)
 ParOldGen       total 72704K, used 39123K [0x00000000c1e00000, 0x00000000c6500000, 0x00000000eb500000)
  object space 72704K, 53% used [0x00000000c1e00000,0x00000000c4434c58,0x00000000c6500000)
 Metaspace       used 22034K, capacity 22254K, committed 22704K, reserved 1069056K
  class space    used 2666K, capacity 2735K, committed 2816K, reserved 1048576K
}
Event: 13.053 GC heap before
{Heap before GC invocations=33 (full 1):
 PSYoungGen      total 316416K, used 308985K [0x00000000eb500000, 0x0000000100000000, 0x0000000100000000)
  eden space 293888K, 100% used [0x00000000eb500000,0x00000000fd400000,0x00000000fd400000)
  from space 22528K, 67% used [0x00000000fd400000,0x00000000fe2be718,0x00000000fea00000)
  to   space 22528K, 0% used [0x00000000fea00000,0x00000000fea00000,0x0000000100000000)
 ParOldGen       total 72704K, used 39123K [0x00000000c1e00000, 0x00000000c6500000, 0x00000000eb500000)
  object space 72704K, 53% used [0x00000000c1e00000,0x00000000c4434c58,0x00000000c6500000)
 Metaspace       used 22034K, capacity 22254K, committed 22704K, reserved 1069056K
  class space    used 2666K, capacity 2735K, committed 2816K, reserved 1048576K
Event: 13.058 GC heap after
Heap after GC invocations=33 (full 1):
 PSYoungGen      total 315392K, used 14940K [0x00000000eb500000, 0x00000000fff00000, 0x0000000100000000)
  eden space 293888K, 0% used [0x00000000eb500000,0x00000000eb500000,0x00000000fd400000)
  from space 21504K, 69% used [0x00000000fea00000,0x00000000ff897100,0x00000000fff00000)
  to   space 22016K, 0% used [0x00000000fd400000,0x00000000fd400000,0x00000000fe980000)
 ParOldGen       total 72704K, used 39139K [0x00000000c1e00000, 0x00000000c6500000, 0x00000000eb500000)
  object space 72704K, 53% used [0x00000000c1e00000,0x00000000c4438c58,0x00000000c6500000)
 Metaspace       used 22034K, capacity 22254K, committed 22704K, reserved 1069056K
  class space    used 2666K, capacity 2735K, committed 2816K, reserved 1048576K
}
Event: 13.604 GC heap before
{Heap before GC invocations=34 (full 1):
 PSYoungGen      total 315392K, used 308828K [0x00000000eb500000, 0x00000000fff00000, 0x0000000100000000)
  eden space 293888K, 100% used [0x00000000eb500000,0x00000000fd400000,0x00000000fd400000)
  from space 21504K, 69% used [0x00000000fea00000,0x00000000ff897100,0x00000000fff00000)
  to   space 22016K, 0% used [0x00000000fd400000,0x00000000fd400000,0x00000000fe980000)
 ParOldGen       total 72704K, used 39139K [0x00000000c1e00000, 0x00000000c6500000, 0x00000000eb500000)
  object space 72704K, 53% used [0x00000000c1e00000,0x00000000c4438c58,0x00000000c6500000)
 Metaspace       used 22630K, capacity 22894K, committed 23344K, reserved 1069056K
  class space    used 2761K, capacity 2863K, committed 2944K, reserved 1048576K
Event: 13.609 GC heap after
Heap after GC invocations=34 (full 1):
 PSYoungGen      total 315904K, used 17082K [0x00000000eb500000, 0x0000000100000000, 0x0000000100000000)
  eden space 293888K, 0% used [0x00000000eb500000,0x00000000eb500000,0x00000000fd400000)
  from space 22016K, 77% used [0x00000000fd400000,0x00000000fe4ae9e0,0x00000000fe980000)
  to   space 23040K, 0% used [0x00000000fe980000,0x00000000fe980000,0x0000000100000000)
 ParOldGen       total 72704K, used 39171K [0x00000000c1e00000, 0x00000000c6500000, 0x00000000eb500000)
  object space 72704K, 53% used [0x00000000c1e00000,0x00000000c4440c58,0x00000000c6500000)
 Metaspace       used 22630K, capacity 22894K, committed 23344K, reserved 1069056K
  class space    used 2761K, capacity 2863K, committed 2944K, reserved 1048576K
}
Event: 14.487 GC heap before
{Heap before GC invocations=35 (full 1):
 PSYoungGen      total 315904K, used 310970K [0x00000000eb500000, 0x0000000100000000, 0x0000000100000000)
  eden space 293888K, 100% used [0x00000000eb500000,0x00000000fd400000,0x00000000fd400000)
  from space 22016K, 77% used [0x00000000fd400000,0x00000000fe4ae9e0,0x00000000fe980000)
  to   space 23040K, 0% used [0x00000000fe980000,0x00000000fe980000,0x0000000100000000)
 ParOldGen       total 72704K, used 39171K [0x00000000c1e00000, 0x00000000c6500000, 0x00000000eb500000)
  object space 72704K, 53% used [0x00000000c1e00000,0x00000000c4440c58,0x00000000c6500000)
 Metaspace       used 22635K, capacity 22894K, committed 23344K, reserved 1069056K
  class space    used 2761K, capacity 2863K, committed 2944K, reserved 1048576K
Event: 14.492 GC heap after
Heap after GC invocations=35 (full 1):
 PSYoungGen      total 315904K, used 16794K [0x00000000eb500000, 0x0000000100000000, 0x0000000100000000)
  eden space 292864K, 0% used [0x00000000eb500000,0x00000000eb500000,0x00000000fd300000)
  from space 23040K, 72% used [0x00000000fe980000,0x00000000ff9e69e0,0x0000000100000000)
  to   space 23040K, 0% used [0x00000000fd300000,0x00000000fd300000,0x00000000fe980000)
 ParOldGen       total 72704K, used 39203K [0x00000000c1e00000, 0x00000000c6500000, 0x00000000eb500000)
  object space 72704K, 53% used [0x00000000c1e00000,0x00000000c4448c58,0x00000000c6500000)
 Metaspace       used 22635K, capacity 22894K, committed 23344K, reserved 1069056K
  class space    used 2761K, capacity 2863K, committed 2944K, reserved 1048576K
}
Event: 15.560 GC heap before
{Heap before GC invocations=36 (full 1):
 PSYoungGen      total 315904K, used 309658K [0x00000000eb500000, 0x0000000100000000, 0x0000000100000000)
  eden space 292864K, 100% used [0x00000000eb500000,0x00000000fd300000,0x00000000fd300000)
  from space 23040K, 72% used [0x00000000fe980000,0x00000000ff9e69e0,0x0000000100000000)
  to   space 23040K, 0% used [0x00000000fd300000,0x00000000fd300000,0x00000000fe980000)
 ParOldGen       total 72704K, used 39203K [0x00000000c1e00000, 0x00000000c6500000, 0x00000000eb500000)
  object space 72704K, 53% used [0x00000000c1e00000,0x00000000c4448c58,0x00000000c6500000)
 Metaspace       used 22681K, capacity 22894K, committed 23344K, reserved 1069056K
  class space    used 2766K, capacity 2863K, committed 2944K, reserved 1048576K
Event: 15.565 GC heap after
Heap after GC invocations=36 (full 1):
 PSYoungGen      total 309760K, used 16842K [0x00000000eb500000, 0x0000000100000000, 0x0000000100000000)
  eden space 292864K, 0% used [0x00000000eb500000,0x00000000eb500000,0x00000000fd300000)
  from space 16896K, 99% used [0x00000000fd300000,0x00000000fe3729d0,0x00000000fe380000)
  to   space 23552K, 0% used [0x00000000fe900000,0x00000000fe900000,0x0000000100000000)
 ParOldGen       total 72704K, used 39243K [0x00000000c1e00000, 0x00000000c6500000, 0x00000000eb500000)
  object space 72704K, 53% used [0x00000000c1e00000,0x00000000c4452c58,0x00000000c6500000)
 Metaspace       used 22681K, capacity 22894K, committed 23344K, reserved 1069056K
  class space    used 2766K, capacity 2863K, committed 2944K, reserved 1048576K
}

